<?xml version="1.0" encoding="UTF-8"?>
<testsuite xmlns:xsi="http://www.w3.org/2001/XMLSchema-instance" xsi:noNamespaceSchemaLocation="https://maven.apache.org/surefire/maven-surefire-plugin/xsd/surefire-test-report.xsd" name="com.blackwhissh.app.SortingAppTest" time="1.106" tests="25" errors="0" skipped="0" failures="0">
  <properties>
[...]
</properties>
  <testcase name="testSortingAppWithEmptyArray" classname="com.blackwhissh.app.SortingAppTest" time="0.039"/>
  <testcase name="testSortingApp{String, String}[1]" classname="com.blackwhissh.app.SortingAppTest" time="0.09"/>
  <testcase name="testSortingApp{String, String}[2]" classname="com.blackwhissh.app.SortingAppTest" time="0.005"/>
  <testcase name="testSortingApp{String, String}[3]" classname="com.blackwhissh.app.SortingAppTest" time="0.005"/>
  <testcase name="testSortingAppWithAlreadySortedArray{String, String}[1]" classname="com.blackwhissh.app.SortingAppTest" time="0.006"/>
  <testcase name="testSortingAppWithAlreadySortedArray{String, String}[2]" classname="com.blackwhissh.app.SortingAppTest" time="0.005"/>
  <testcase name="testSortingAppWithAlreadySortedArray{String, String}[3]" classname="com.blackwhissh.app.SortingAppTest" time="0.005"/>
  <testcase name="testSortingAppWithDoubleValues{String, String}[1]" classname="com.blackwhissh.app.SortingAppTest" time="0.007"/>
  <testcase name="testSortingAppWithSingleElementArray{String, String}[1]" classname="com.blackwhissh.app.SortingAppTest" time="0.006"/>
  <testcase name="testSortingAppWithSingleElementArray{String, String}[2]" classname="com.blackwhissh.app.SortingAppTest" time="0.005"/>
  <testcase name="testSortingAppWithSingleElementArray{String, String}[3]" classname="com.blackwhissh.app.SortingAppTest" time="0.003"/>
  <testcase name="testSortingAppWithSingleElementArray{String, String}[4]" classname="com.blackwhissh.app.SortingAppTest" time="0.004"/>
  <testcase name="testSortingAppWithSingleElementArray{String, String}[5]" classname="com.blackwhissh.app.SortingAppTest" time="0.005"/>
  <testcase name="testSortingAppWithSingleElementArray{String, String}[6]" classname="com.blackwhissh.app.SortingAppTest" time="0.005"/>
  <testcase name="testSortingAppWithSingleElementArray{String, String}[7]" classname="com.blackwhissh.app.SortingAppTest" time="0.003"/>
  <testcase name="testSortingAppWithAllSameValues{String, String}[1]" classname="com.blackwhissh.app.SortingAppTest" time="0.007"/>
  <testcase name="testSortingAppWithAllSameValues{String, String}[2]" classname="com.blackwhissh.app.SortingAppTest" time="0.004"/>
  <testcase name="testSortingAppWithAllSameValues{String, String}[3]" classname="com.blackwhissh.app.SortingAppTest" time="0.005"/>
  <testcase name="testSortingAppWithHalfSortedArray{String, String}[1]" classname="com.blackwhissh.app.SortingAppTest" time="0.006"/>
  <testcase name="testSortingAppWithDescendingOrderArray{String, String}[1]" classname="com.blackwhissh.app.SortingAppTest" time="0.004"/>
  <testcase name="testSortingAppWithDescendingOrderArray{String, String}[2]" classname="com.blackwhissh.app.SortingAppTest" time="0.004"/>
  <testcase name="testSortingAppWithDuplicateElements{String, String}[1]" classname="com.blackwhissh.app.SortingAppTest" time="0.005"/>
  <testcase name="testSortingAppWithDuplicateElements{String, String}[2]" classname="com.blackwhissh.app.SortingAppTest" time="0.005"/>
  <testcase name="testSortingAppArrayWithNegativeValues{String, String}[1]" classname="com.blackwhissh.app.SortingAppTest" time="0.004"/>
  <testcase name="testSortingAppArrayWithNegativeValues{String, String}[2]" classname="com.blackwhissh.app.SortingAppTest" time="0.006"/>
</testsuite>